<?xml version="1.0" encoding="UTF-8"?>
<!-- Generated by org.testng.reporters.JUnitReportReporter -->
<testsuite hostname="LAPTOP-HMUAEC1Q" name="com.training.sanity.tests.LoginTests" tests="3" failures="0" timestamp="9 May 2020 04:28:45 GMT" time="83.575" errors="0">
  <testcase name="validLoginTest" time="28.620" classname="com.training.sanity.tests.LoginTests"/>
  <testcase name="loginApp" time="29.724" classname="com.training.sanity.tests.LoginTests"/>
  <testcase name="forgotPass" time="25.231" classname="com.training.sanity.tests.LoginTests"/>
</testsuite> <!-- com.training.sanity.tests.LoginTests -->
